<?xml version="1.0" encoding="UTF-8"?>
<!-- Generated by org.testng.reporters.JUnitReportReporter -->
<testsuite hostname="Murali" failures="0" tests="1" name="testcases.DegradeReport" time="20.732" errors="0" timestamp="2024-07-13T01:19:25 IST" skipped="0">
  <testcase classname="testcases.DegradeReport" name="file_Root_Location" time="20.732"/>
</testsuite> <!-- testcases.DegradeReport -->
