<?xml version="1.0" encoding="UTF-8"?>
<!-- Generated by org.testng.reporters.JUnitReportReporter -->
<testsuite hostname="Murali" failures="0" tests="1" name="testcases.DegradeReport" time="24.094" errors="0" timestamp="2024-08-27T14:29:12 IST" skipped="0">
  <testcase classname="testcases.DegradeReport" name="DOCXFileDownloadin5S" time="24.094"/>
</testsuite> <!-- testcases.DegradeReport -->
