<?xml version="1.0" encoding="UTF-8"?>
<!-- Generated by org.testng.reporters.JUnitReportReporter -->
<testsuite hostname="Murali" failures="0" tests="4" name="testcases.LoginTestCases" time="32.911" errors="0" timestamp="2024-07-13T00:51:44 IST" skipped="0">
  <testcase classname="testcases.LoginTestCases" name="loginWithValidCredentials" time="6.462"/>
  <testcase classname="testcases.LoginTestCases" name="loginWithInValidCredentials" time="5.300"/>
  <testcase classname="testcases.LoginTestCases" name="userLoginWithInvalidCredentials" time="11.295"/>
  <testcase classname="testcases.LoginTestCases" name="userLoginWithValidCredentials" time="9.854"/>
</testsuite> <!-- testcases.LoginTestCases -->
